<?xml version="1.0" encoding="UTF-8"?>
<!-- Generated by org.testng.reporters.JUnitReportReporter -->
<testsuite name="com.sundayMobile.e2eTests.RunTest" tests="1" time="16.854" ignored="0" failures="0" timestamp="09 Sep 2020 16:40:26 GMT" skipped="0" hostname="PC29-WMARNISSI" errors="0">
  <testcase name="feature" time="16.854" classname="com.sundayMobile.e2eTests.RunTest"/>
</testsuite> <!-- com.sundayMobile.e2eTests.RunTest -->
