<?xml version="1.0" encoding="UTF-8"?>
<!-- Generated by org.testng.reporters.JUnitReportReporter -->
<testsuite name="com.sundayMobile.e2eTests.RunTest" tests="1" time="50.913" ignored="0" failures="0" timestamp="14 Sep 2020 22:35:09 GMT" skipped="0" hostname="PC29-WMARNISSI" errors="0">
  <testcase name="feature" time="50.913" classname="com.sundayMobile.e2eTests.RunTest"/>
</testsuite> <!-- com.sundayMobile.e2eTests.RunTest -->
